<?xml version="1.0" encoding="UTF-8"?>
<!-- Generated by org.testng.reporters.JUnitXMLReporter -->
<testsuite ignored="0" hostname="LAPTOP-8FRMBSEQ" failures="0" tests="1" name="BankingApp Test" time="1.275" errors="0" timestamp="09 Jun 2020 06:45:45 GMT">
  <testcase classname="com.testcases.BaseClass" name="@BeforeClass setUp" time="0.158">
    <failure type="java.lang.NullPointerException">
      <![CDATA[java.lang.NullPointerException
at com.testcases.BaseClass.setUp(BaseClass.java:43)
... Removed 26 stack frames]]>
    </failure>
  </testcase> <!-- @BeforeClass setUp -->
  <testcase classname="com.testcases.BaseClass" name="@AfterClass tearDown" time="0.0">
    <skipped/>
  </testcase> <!-- @AfterClass tearDown -->
  <testcase classname="com.testcases.TC_loginTest" name="loginTest" time="0.0">
    <skipped/>
  </testcase> <!-- loginTest -->
</testsuite> <!-- BankingApp Test -->
